<?xml version="1.0" encoding="UTF-8"?>
<testng-results skipped="0" failed="0" ignored="0" total="6" passed="6">
  <reporter-output>
  </reporter-output>
  <suite name="Suite" duration-ms="22" started-at="2022-01-20T09:51:27Z" finished-at="2022-01-20T09:51:27Z">
    <groups>
    </groups>
    <test name="Test" duration-ms="22" started-at="2022-01-20T09:51:27Z" finished-at="2022-01-20T09:51:27Z">
      <class name="qaclickacademy.AppiumTest">
        <test-method status="PASS" signature="IOSApps()[pri:0, instance:qaclickacademy.AppiumTest@2b6856dd]" name="IOSApps" duration-ms="0" started-at="2022-01-20T04:51:27Z" finished-at="2022-01-20T04:51:27Z">
          <reporter-output>
          </reporter-output>
        </test-method> <!-- IOSApps -->
        <test-method status="PASS" signature="NativeAPpAndroid()[pri:0, instance:qaclickacademy.AppiumTest@2b6856dd]" name="NativeAPpAndroid" duration-ms="0" started-at="2022-01-20T04:51:27Z" finished-at="2022-01-20T04:51:27Z">
          <reporter-output>
          </reporter-output>
        </test-method> <!-- NativeAPpAndroid -->
      </class> <!-- qaclickacademy.AppiumTest -->
      <class name="qaclickacademy.RESTAPITest">
        <test-method status="PASS" signature="PostJira()[pri:0, instance:qaclickacademy.RESTAPITest@37e547da]" name="PostJira" duration-ms="0" started-at="2022-01-20T04:51:27Z" finished-at="2022-01-20T04:51:27Z">
          <reporter-output>
          </reporter-output>
        </test-method> <!-- PostJira -->
        <test-method status="PASS" signature="deleteTwitter()[pri:0, instance:qaclickacademy.RESTAPITest@37e547da]" name="deleteTwitter" duration-ms="0" started-at="2022-01-20T04:51:27Z" finished-at="2022-01-20T04:51:27Z">
          <reporter-output>
          </reporter-output>
        </test-method> <!-- deleteTwitter -->
      </class> <!-- qaclickacademy.RESTAPITest -->
      <class name="qaclickacademy.SeleniumTest">
        <test-method status="PASS" signature="BrowserAUtomation()[pri:0, instance:qaclickacademy.SeleniumTest@b62fe6d]" name="BrowserAUtomation" duration-ms="5" started-at="2022-01-20T04:51:27Z" finished-at="2022-01-20T04:51:27Z">
          <reporter-output>
          </reporter-output>
        </test-method> <!-- BrowserAUtomation -->
        <test-method status="PASS" signature="elementsUi()[pri:0, instance:qaclickacademy.SeleniumTest@b62fe6d]" name="elementsUi" duration-ms="0" started-at="2022-01-20T04:51:27Z" finished-at="2022-01-20T04:51:27Z">
          <reporter-output>
          </reporter-output>
        </test-method> <!-- elementsUi -->
      </class> <!-- qaclickacademy.SeleniumTest -->
    </test> <!-- Test -->
  </suite> <!-- Suite -->
</testng-results>
